<?xml version="1.0" encoding="UTF-8"?>
<coverage generated="1731001855564" clover="3.2.0">
  <project timestamp="1731001855564" name="All files">
    <metrics statements="4" coveredstatements="4" conditionals="0" coveredconditionals="0" methods="0" coveredmethods="0" elements="4" coveredelements="4" complexity="0" loc="4" ncloc="4" packages="2" files="3" classes="3"/>
    <package name="ServRest API">
      <metrics statements="2" coveredstatements="2" conditionals="0" coveredconditionals="0" methods="0" coveredmethods="0"/>
      <file name="config.js" path="/Users/nathaliamartins/Desenvolvimento/ServRest API/config.js">
        <metrics statements="2" coveredstatements="2" conditionals="0" coveredconditionals="0" methods="0" coveredmethods="0"/>
        <line num="2" count="3" type="stmt"/>
        <line num="8" count="3" type="stmt"/>
      </file>
    </package>
    <package name="ServRest API.api.fixtures">
      <metrics statements="2" coveredstatements="2" conditionals="0" coveredconditionals="0" methods="0" coveredmethods="0"/>
      <file name="produtoMassa.js" path="/Users/nathaliamartins/Desenvolvimento/ServRest API/api/fixtures/produtoMassa.js">
        <metrics statements="1" coveredstatements="1" conditionals="0" coveredconditionals="0" methods="0" coveredmethods="0"/>
        <line num="1" count="1" type="stmt"/>
      </file>
      <file name="userMassa.js" path="/Users/nathaliamartins/Desenvolvimento/ServRest API/api/fixtures/userMassa.js">
        <metrics statements="1" coveredstatements="1" conditionals="0" coveredconditionals="0" methods="0" coveredmethods="0"/>
        <line num="1" count="1" type="stmt"/>
      </file>
    </package>
  </project>
</coverage>
