{"/Users/nathaliamartins/Desenvolvimento/ServRest API/config.js": {"path":"/Users/nathaliamartins/Desenvolvimento/ServRest API/config.js","statementMap":{"0":{"start":{"line":2,"column":15},"end":{"line":6,"column":1}},"1":{"start":{"line":8,"column":0},"end":{"line":8,"column":23}}},"fnMap":{},"branchMap":{},"s":{"0":3,"1":3},"f":{},"b":{},"_coverageSchema":"1a1c01bbd47fc00a2c39e90264f33305004495a9","hash":"a6d257c3899a470643dfbe4ad6c7f134c99ba3d2"}
,"/Users/nathaliamartins/Desenvolvimento/ServRest API/api/fixtures/produtoMassa.js": {"path":"/Users/nathaliamartins/Desenvolvimento/ServRest API/api/fixtures/produtoMassa.js","statementMap":{"0":{"start":{"line":1,"column":0},"end":{"line":20,"column":5}}},"fnMap":{},"branchMap":{},"s":{"0":1},"f":{},"b":{},"_coverageSchema":"1a1c01bbd47fc00a2c39e90264f33305004495a9","hash":"5020c5ab629913fa8d7ffbe4159983b32c97f923"}
,"/Users/nathaliamartins/Desenvolvimento/ServRest API/api/fixtures/userMassa.js": {"path":"/Users/nathaliamartins/Desenvolvimento/ServRest API/api/fixtures/userMassa.js","statementMap":{"0":{"start":{"line":1,"column":0},"end":{"line":20,"column":1}}},"fnMap":{},"branchMap":{},"s":{"0":1},"f":{},"b":{},"_coverageSchema":"1a1c01bbd47fc00a2c39e90264f33305004495a9","hash":"a0399621f5b45ccc9d133d284d59a807e3ed4439"}
}
